<?xml version="1.0" encoding="UTF-8" ?>
<testsuite tests="2" failures="2" name="com.itheima.stock.TestPasswordEncoder" time="0.002" errors="0" skipped="0">
  <properties>
[...]
</properties>
  <testcase classname="com.itheima.stock.TestPasswordEncoder" name="com.itheima.stock.TestPasswordEncoder.testDecode" time="0.002">
    <failure type="java.lang.NullPointerException">java.lang.NullPointerException
	at com.itheima.stock.TestPasswordEncoder.testDecode(TestPasswordEncoder.java:42)
</failure>
  </testcase>
  <testcase classname="com.itheima.stock.TestPasswordEncoder" name="com.itheima.stock.TestPasswordEncoder.testPasswordEncoder" time="0">
    <failure type="java.lang.NullPointerException">java.lang.NullPointerException
	at com.itheima.stock.TestPasswordEncoder.testPasswordEncoder(TestPasswordEncoder.java:27)
</failure>
  </testcase>
</testsuite>